0 info it worked if it ends with ok
1 verbose cli [ 'C:\\Program Files\\nodejs\\node.exe',
1 verbose cli   'C:\\Users\\Rod\\AppData\\Roaming\\npm\\node_modules\\npm\\bin\\npm-cli.js',
1 verbose cli   'run',
1 verbose cli   'test' ]
2 info using npm@3.10.7
3 info using node@v6.9.1
4 verbose run-script [ 'pretest', 'test', 'posttest' ]
5 info lifecycle ivyleaf-poker-league-updater@1.0.0~pretest: ivyleaf-poker-league-updater@1.0.0
6 silly lifecycle ivyleaf-poker-league-updater@1.0.0~pretest: no script for pretest, continuing
7 info lifecycle ivyleaf-poker-league-updater@1.0.0~test: ivyleaf-poker-league-updater@1.0.0
8 verbose lifecycle ivyleaf-poker-league-updater@1.0.0~test: unsafe-perm in lifecycle true
9 verbose lifecycle ivyleaf-poker-league-updater@1.0.0~test: PATH: C:\Users\Rod\AppData\Roaming\npm\node_modules\npm\bin\node-gyp-bin;D:\Git\ivyleaf-poker-league-updater\node_modules\.bin;C:\Program Files\ConEmu\ConEmu\Scripts;C:\Program Files\ConEmu;C:\Program Files\ConEmu\ConEmu;C:\Python27\;C:\Python27\Scripts;C:\Program Files\Docker\Docker\Resources\bin;C:\Windows\system32;C:\Windows;C:\Windows\System32\Wbem;C:\Windows\System32\WindowsPowerShell\v1.0\;C:\Program Files (x86)\GtkSharp\2.12\bin;C:\Program Files (x86)\NVIDIA Corporation\PhysX\Common;C:\WINDOWS\system32;C:\WINDOWS;C:\WINDOWS\System32\Wbem;C:\WINDOWS\System32\WindowsPowerShell\v1.0\;C:\WINDOWS\system32\config\systemprofile\.dnx\bin;C:\Program Files\Microsoft DNX\Dnvm\;C:\Program Files\Microsoft SQL Server\120\Tools\Binn\;C:\Program Files\Git\cmd;C:\HashiCorp\Vagrant\bin;C:\Program Files\nodejs\;C:\Program Files (x86)\Windows Kits\10\Windows Performance Toolkit\;C:\Users\Rod\.dnx\bin;C:\Users\Rod\AppData\Local\atom\bin;C:\Python27\python.exe;C:\Program Files\Docker Toolbox;C:\Users\Rod\AppData\Roaming\npm;C:\Program Files (x86)\Nmap;C:\Users\Rod\AppData\Local\Microsoft\WindowsApps;;C:\Program Files (x86)\Microsoft VS Code\bin
10 verbose lifecycle ivyleaf-poker-league-updater@1.0.0~test: CWD: D:\Git\ivyleaf-poker-league-updater
11 silly lifecycle ivyleaf-poker-league-updater@1.0.0~test: Args: [ '/d /s /c', 'mocha tests/**/*.js' ]
12 silly lifecycle ivyleaf-poker-league-updater@1.0.0~test: Returned: code: 1  signal: null
13 info lifecycle ivyleaf-poker-league-updater@1.0.0~test: Failed to exec test script
14 verbose stack Error: ivyleaf-poker-league-updater@1.0.0 test: `mocha tests/**/*.js`
14 verbose stack Exit status 1
14 verbose stack     at EventEmitter.<anonymous> (C:\Users\Rod\AppData\Roaming\npm\node_modules\npm\lib\utils\lifecycle.js:255:16)
14 verbose stack     at emitTwo (events.js:106:13)
14 verbose stack     at EventEmitter.emit (events.js:191:7)
14 verbose stack     at ChildProcess.<anonymous> (C:\Users\Rod\AppData\Roaming\npm\node_modules\npm\lib\utils\spawn.js:40:14)
14 verbose stack     at emitTwo (events.js:106:13)
14 verbose stack     at ChildProcess.emit (events.js:191:7)
14 verbose stack     at maybeClose (internal/child_process.js:877:16)
14 verbose stack     at Process.ChildProcess._handle.onexit (internal/child_process.js:226:5)
15 verbose pkgid ivyleaf-poker-league-updater@1.0.0
16 verbose cwd D:\Git\ivyleaf-poker-league-updater
17 error Windows_NT 10.0.14393
18 error argv "C:\\Program Files\\nodejs\\node.exe" "C:\\Users\\Rod\\AppData\\Roaming\\npm\\node_modules\\npm\\bin\\npm-cli.js" "run" "test"
19 error node v6.9.1
20 error npm  v3.10.7
21 error code ELIFECYCLE
22 error ivyleaf-poker-league-updater@1.0.0 test: `mocha tests/**/*.js`
22 error Exit status 1
23 error Failed at the ivyleaf-poker-league-updater@1.0.0 test script 'mocha tests/**/*.js'.
23 error Make sure you have the latest version of node.js and npm installed.
23 error If you do, this is most likely a problem with the ivyleaf-poker-league-updater package,
23 error not with npm itself.
23 error Tell the author that this fails on your system:
23 error     mocha tests/**/*.js
23 error You can get information on how to open an issue for this project with:
23 error     npm bugs ivyleaf-poker-league-updater
23 error Or if that isn't available, you can get their info via:
23 error     npm owner ls ivyleaf-poker-league-updater
23 error There is likely additional logging output above.
24 verbose exit [ 1, true ]
